Running: D:\Xilinx\14.7\ISE_DS\ISE\bin\nt64\unwrapped\fuse.exe -intstyle ise -incremental -lib unisims_ver -lib unimacro_ver -lib xilinxcorelib_ver -lib secureip -o F:/Documents/Image Proccessing Verilog/ImageProcessing/test_isim_beh.exe -prj F:/Documents/Image Proccessing Verilog/ImageProcessing/test_beh.prj work.test work.glbl 
ISim P.20131013 (signature 0x7708f090)
Number of CPUs detected in this system: 4
Turning on mult-threading, number of parallel sub-compilation jobs: 8 
Determining compilation order of HDL files
Analyzing Verilog file "F:/Documents/Image Proccessing Verilog/ImageProcessing/main.v" into library work
Analyzing Verilog file "F:/Documents/Image Proccessing Verilog/ImageProcessing/ipcore_dir/ram.v" into library work
Analyzing Verilog file "F:/Documents/Image Proccessing Verilog/ImageProcessing/test.v" into library work
Analyzing Verilog file "D:/Xilinx/14.7/ISE_DS/ISE//verilog/src/glbl.v" into library work
Starting static elaboration
Completed static elaboration
Compiling module BLK_MEM_GEN_V7_3_output_stage(C_...
Compiling module BLK_MEM_GEN_V7_3_output_stage(C_...
Compiling module BLK_MEM_GEN_V7_3_softecc_output_...
Compiling module BLK_MEM_GEN_V7_3_mem_module(C_CO...
Compiling module BLK_MEM_GEN_V7_3(C_FAMILY="artix...
Compiling module ram
Compiling module main
Compiling module test
Compiling module glbl
Time Resolution for simulation is 1ps.
Waiting for 2 sub-compilation(s) to finish...
Compiled 9 Verilog Units
Built simulation executable F:/Documents/Image Proccessing Verilog/ImageProcessing/test_isim_beh.exe
Fuse Memory Usage: 33824 KB
Fuse CPU Usage: 640 ms
